<?xml version="1.0" encoding="UTF-8"?>
<!-- Generated by org.testng.reporters.JUnitXMLReporter -->
<testsuite ignored="0" hostname="DESKTOP-KMOGL3M" failures="0" tests="3" name="Default test" time="36.051" errors="0" timestamp="2024-10-17T10:17:48 IST">
  <testcase classname="FinalCalls.ResourceCreationFinalCalls" name="LoginPage" time="10.404"/>
  <testcase classname="FinalCalls.ResourceCreationFinalCalls" name="Home" time="10.951"/>
  <testcase classname="FinalCalls.ResourceCreationFinalCalls" name="CreateNew" time="2.633"/>
</testsuite> <!-- Default test -->
