<?xml version="1.0" encoding="UTF-8"?>
<!-- Generated by org.testng.reporters.JUnitXMLReporter -->
<testsuite ignored="0" hostname="DESKTOP-KMOGL3M" failures="1" tests="3" name="Test" time="36.514" errors="0" timestamp="2024-10-21T12:53:34 IST">
  <testcase classname="FinalCalls.ResourceCreationFinalCall" name="LoginPage" time="0.517"/>
  <testcase classname="FinalCalls.ResourceCreationFinalCall" name="Home" time="18.952"/>
  <testcase classname="FinalCalls.ResourceCreationFinalCall" name="CreateNew" time="12.01">
    <failure type="org.apache.commons.math3.exception.MaxCountExceededException" message="illegal state: maximal count (1) exceeded">
      <![CDATA[org.apache.commons.math3.exception.MaxCountExceededException: illegal state: maximal count (1) exceeded
at resourceManagementPageObjects.CreateNewPageObjects.SetNumberOfVirtualMachines(CreateNewPageObjects.java:657)
at resourceManagement.CreateNewPage.CreateNewPageActions(CreateNewPage.java:58)
at FinalCalls.ResourceCreationFinalCall.CreateNew(ResourceCreationFinalCall.java:55)
at java.base/java.util.ArrayList.forEach(ArrayList.java:1511)
... Removed 27 stack frames]]>
    </failure>
  </testcase> <!-- CreateNew -->
</testsuite> <!-- Test -->
