<?xml version="1.0" encoding="UTF-8"?>
<!-- Generated by org.testng.reporters.JUnitXMLReporter -->
<testsuite ignored="0" hostname="DESKTOP-KMOGL3M" failures="1" tests="3" name="Test" time="49.434" errors="0" timestamp="2024-10-24T18:45:43 IST">
  <testcase classname="FinalCalls.ResourceCreationFinalCall" name="LoginPage" time="5.006"/>
  <testcase classname="FinalCalls.ResourceCreationFinalCall" name="Home" time="15.43"/>
  <testcase classname="FinalCalls.ResourceCreationFinalCall" name="CreateNew" time="25.978">
    <failure type="javax.naming.InsufficientResourcesException" message="Insufficient resources to allow horizontal scaling">
      <![CDATA[javax.naming.InsufficientResourcesException: Insufficient resources to allow horizontal scaling
at resourceManagementPageObjects.CreateNewPageObjects.SetVcpu(CreateNewPageObjects.java:281)
at resourceManagement.CreateNewPage.CreateNewPageActions(CreateNewPage.java:27)
at FinalCalls.ResourceCreationFinalCall.CreateNew(ResourceCreationFinalCall.java:62)
at java.base/java.util.ArrayList.forEach(ArrayList.java:1511)
... Removed 31 stack frames]]>
    </failure>
  </testcase> <!-- CreateNew -->
</testsuite> <!-- Test -->
