<?xml version="1.0" encoding="UTF-8"?>
<!-- Generated by org.testng.reporters.JUnitXMLReporter -->
<testsuite ignored="0" hostname="DESKTOP-KMOGL3M" failures="1" tests="3" name="Test" time="44.972" errors="0" timestamp="2024-10-23T19:02:28 IST">
  <testcase classname="FinalCalls.ResourceCreationFinalCall" name="LoginPage" time="12.574"/>
  <testcase classname="FinalCalls.ResourceCreationFinalCall" name="Home" time="13.628"/>
  <testcase classname="FinalCalls.ResourceCreationFinalCall" name="CreateNew" time="14.357">
    <failure type="java.lang.Error" message="Given VM Name test10 is Already Taken">
      <![CDATA[java.lang.Error: Given VM Name test10 is Already Taken
at resourceManagementPageObjects.CreateNewPageObjects.GiveVMName(CreateNewPageObjects.java:616)
at resourceManagement.CreateNewPage.CreateNewPageActions(CreateNewPage.java:38)
at FinalCalls.ResourceCreationFinalCall.CreateNew(ResourceCreationFinalCall.java:57)
at java.base/java.util.ArrayList.forEach(ArrayList.java:1511)
... Removed 31 stack frames]]>
    </failure>
  </testcase> <!-- CreateNew -->
</testsuite> <!-- Test -->
