<?xml version="1.0" encoding="UTF-8"?>
<testng-results ignored="0" total="3" passed="2" failed="1" skipped="0">
  <reporter-output>
  </reporter-output>
  <suite started-at="2024-10-24T18:44:54 IST" name="Suite" finished-at="2024-10-24T18:45:43 IST" duration-ms="49434">
    <groups>
    </groups>
    <test started-at="2024-10-24T18:44:54 IST" name="Test" finished-at="2024-10-24T18:45:43 IST" duration-ms="49434">
      <class name="FinalCalls.ResourceCreationFinalCall">
        <test-method is-config="true" signature="intializeDriver()[pri:0, instance:FinalCalls.ResourceCreationFinalCall@a514af7]" started-at="2024-10-24T18:44:54 IST" name="intializeDriver" finished-at="2024-10-24T18:44:56 IST" duration-ms="2673" status="PASS">
          <reporter-output>
          </reporter-output>
        </test-method> <!-- intializeDriver -->
        <test-method signature="LoginPage(java.lang.String)[pri:1, instance:FinalCalls.ResourceCreationFinalCall@a514af7]" started-at="2024-10-24T18:44:57 IST" name="LoginPage" finished-at="2024-10-24T18:45:02 IST" duration-ms="5006" status="PASS">
          <params>
            <param index="0">
              <value>
                <![CDATA[Postgres DB]]>
              </value>
            </param>
          </params>
          <reporter-output>
          </reporter-output>
        </test-method> <!-- LoginPage -->
        <test-method signature="Home(java.lang.String,java.lang.String)[pri:2, instance:FinalCalls.ResourceCreationFinalCall@a514af7]" started-at="2024-10-24T18:45:02 IST" name="Home" data-provider="dataProvider" finished-at="2024-10-24T18:45:17 IST" depends-on-methods="FinalCalls.ResourceCreationFinalCall.LoginPage" duration-ms="15430" status="PASS">
          <params>
            <param index="0">
              <value>
                <![CDATA[Postgres DB]]>
              </value>
            </param>
            <param index="1">
              <value>
                <![CDATA[EC_Test_Linux_Storage_OCT_600]]>
              </value>
            </param>
          </params>
          <reporter-output>
          </reporter-output>
        </test-method> <!-- Home -->
        <test-method signature="CreateNew(java.lang.String,java.lang.String,java.lang.String,java.lang.String,java.lang.String,java.lang.String,java.lang.String,java.lang.String,java.lang.String,java.lang.String,java.lang.String,java.lang.String,java.lang.String,java.lang.String,java.lang.String,java.lang.String,java.lang.String,java.lang.String,java.lang.String,java.lang.String,java.lang.String,java.lang.String,java.lang.String,java.lang.String,java.lang.String,java.lang.String)[pri:3, instance:FinalCalls.ResourceCreationFinalCall@a514af7]" started-at="2024-10-24T18:45:17 IST" name="CreateNew" data-provider="dataProvider" finished-at="2024-10-24T18:45:43 IST" depends-on-methods="FinalCalls.ResourceCreationFinalCall.Home" duration-ms="25978" status="FAIL">
          <params>
            <param index="0">
              <value>
                <![CDATA[Mysuru, India]]>
              </value>
            </param>
            <param index="1">
              <value>
                <![CDATA[EC_Windows_VM]]>
              </value>
            </param>
            <param index="2">
              <value>
                <![CDATA[Storage_Linux_Sep17 - 780GB]]>
              </value>
            </param>
            <param index="3">
              <value>
                <![CDATA[Ubuntu22.04 LTS(CLI)-PostgreSQL]]>
              </value>
            </param>
            <param index="4">
              <value>
                <![CDATA[4000]]>
              </value>
            </param>
            <param index="5">
              <value>
                <![CDATA[horizontal]]>
              </value>
            </param>
            <param index="6">
              <value>
                <![CDATA[custom]]>
              </value>
            </param>
            <param index="7">
              <value>
                <![CDATA[VCPUS 8 cores, RAM 8 GiB , Disk 50 Gib ]]>
              </value>
            </param>
            <param index="8">
              <value>
                <![CDATA[20]]>
              </value>
            </param>
            <param index="9">
              <value>
                <![CDATA[60]]>
              </value>
            </param>
            <param index="10">
              <value>
                <![CDATA[60]]>
              </value>
            </param>
            <param index="11">
              <value>
                <![CDATA[4]]>
              </value>
            </param>
            <param index="12">
              <value>
                <![CDATA[60]]>
              </value>
            </param>
            <param index="13">
              <value>
                <![CDATA[yes]]>
              </value>
            </param>
            <param index="14">
              <value>
                <![CDATA[yes]]>
              </value>
            </param>
            <param index="15">
              <value>
                <![CDATA[1]]>
              </value>
            </param>
            <param index="16">
              <value>
                <![CDATA[no]]>
              </value>
            </param>
            <param index="17">
              <value>
                <![CDATA[Weekly]]>
              </value>
            </param>
            <param index="18">
              <value>
                <![CDATA[4 weeks]]>
              </value>
            </param>
            <param index="19">
              <value>
                <![CDATA[yes]]>
              </value>
            </param>
            <param index="20">
              <value>
                <![CDATA[SIEM_TEST_server4 - 10.150.44.190]]>
              </value>
            </param>
            <param index="21">
              <value>
                <![CDATA[10.150.44.0 - null]]>
              </value>
            </param>
            <param index="22">
              <value>
                <![CDATA[no]]>
              </value>
            </param>
            <param index="23">
              <value>
                <![CDATA[lead2=admin,karthik=admin,lead1=user,test1=admin]]>
              </value>
            </param>
            <param index="24">
              <value>
                <![CDATA[1]]>
              </value>
            </param>
            <param index="25">
              <value>
                <![CDATA[TestAT1]]>
              </value>
            </param>
          </params>
          <exception class="javax.naming.InsufficientResourcesException">
            <message>
              <![CDATA[Insufficient resources to allow horizontal scaling]]>
            </message>
            <full-stacktrace>
              <![CDATA[javax.naming.InsufficientResourcesException: Insufficient resources to allow horizontal scaling
at resourceManagementPageObjects.CreateNewPageObjects.SetVcpu(CreateNewPageObjects.java:281)
at resourceManagement.CreateNewPage.CreateNewPageActions(CreateNewPage.java:27)
at FinalCalls.ResourceCreationFinalCall.CreateNew(ResourceCreationFinalCall.java:62)
at java.base/jdk.internal.reflect.NativeMethodAccessorImpl.invoke0(Native Method)
at java.base/jdk.internal.reflect.NativeMethodAccessorImpl.invoke(NativeMethodAccessorImpl.java:77)
at java.base/jdk.internal.reflect.DelegatingMethodAccessorImpl.invoke(DelegatingMethodAccessorImpl.java:43)
at java.base/java.lang.reflect.Method.invoke(Method.java:569)
at org.testng.internal.invokers.MethodInvocationHelper.invokeMethod(MethodInvocationHelper.java:141)
at org.testng.internal.invokers.TestInvoker.invokeMethod(TestInvoker.java:686)
at org.testng.internal.invokers.TestInvoker.invokeTestMethod(TestInvoker.java:230)
at org.testng.internal.invokers.MethodRunner.runInSequence(MethodRunner.java:63)
at org.testng.internal.invokers.TestInvoker$MethodInvocationAgent.invoke(TestInvoker.java:992)
at org.testng.internal.invokers.TestInvoker.invokeTestMethods(TestInvoker.java:203)
at org.testng.internal.invokers.TestMethodWorker.invokeTestMethods(TestMethodWorker.java:154)
at org.testng.internal.invokers.TestMethodWorker.run(TestMethodWorker.java:134)
at java.base/java.util.ArrayList.forEach(ArrayList.java:1511)
at org.testng.TestRunner.privateRun(TestRunner.java:739)
at org.testng.TestRunner.run(TestRunner.java:614)
at org.testng.SuiteRunner.runTest(SuiteRunner.java:421)
at org.testng.SuiteRunner.runSequentially(SuiteRunner.java:413)
at org.testng.SuiteRunner.privateRun(SuiteRunner.java:373)
at org.testng.SuiteRunner.run(SuiteRunner.java:312)
at org.testng.SuiteRunnerWorker.runSuite(SuiteRunnerWorker.java:52)
at org.testng.SuiteRunnerWorker.run(SuiteRunnerWorker.java:95)
at org.testng.TestNG.runSuitesSequentially(TestNG.java:1274)
at org.testng.TestNG.runSuitesLocally(TestNG.java:1208)
at org.testng.TestNG.runSuites(TestNG.java:1112)
at org.testng.TestNG.run(TestNG.java:1079)
at org.apache.maven.surefire.testng.TestNGExecutor.run(TestNGExecutor.java:308)
at org.apache.maven.surefire.testng.TestNGXmlTestSuite.execute(TestNGXmlTestSuite.java:71)
at org.apache.maven.surefire.testng.TestNGProvider.invoke(TestNGProvider.java:113)
at org.apache.maven.surefire.booter.ForkedBooter.runSuitesInProcess(ForkedBooter.java:385)
at org.apache.maven.surefire.booter.ForkedBooter.execute(ForkedBooter.java:162)
at org.apache.maven.surefire.booter.ForkedBooter.run(ForkedBooter.java:507)
at org.apache.maven.surefire.booter.ForkedBooter.main(ForkedBooter.java:495)
]]>
            </full-stacktrace>
          </exception> <!-- javax.naming.InsufficientResourcesException -->
          <reporter-output>
          </reporter-output>
        </test-method> <!-- CreateNew -->
      </class> <!-- FinalCalls.ResourceCreationFinalCall -->
    </test> <!-- Test -->
  </suite> <!-- Suite -->
</testng-results>
