<?xml version="1.0" encoding="UTF-8"?>
<testsuite xmlns:xsi="http://www.w3.org/2001/XMLSchema-instance" xsi:noNamespaceSchemaLocation="https://maven.apache.org/surefire/maven-surefire-plugin/xsd/surefire-test-report.xsd" version="3.0.2" name="TestSuite" time="45.693" tests="3" errors="0" skipped="0" failures="1">
  <properties>
[...]
</properties>
  <testcase name="LoginPage" classname="FinalCalls.ResourceCreationFinalCall" time="12.572">
    <system-out><![CDATA[chrome
Exception caught after: 5513 ms
Exception caught after: 10873 ms
]]></system-out>
    <system-err><![CDATA[SLF4J: Failed to load class "org.slf4j.impl.StaticLoggerBinder".
SLF4J: Defaulting to no-operation (NOP) logger implementation
SLF4J: See http://www.slf4j.org/codes.html#StaticLoggerBinder for further details.
Oct 23, 2024 7:01:46 PM org.openqa.selenium.devtools.CdpVersionFinder findNearestMatch
WARNING: Unable to find an exact match for CDP version 129, returning the closest version; found: 127; Please update to a Selenium version that supports CDP version 129
]]></system-err>
  </testcase>
  <testcase name="Home[SIEM Server, Storage_Linux_Sep17](1)" classname="FinalCalls.ResourceCreationFinalCall" time="13.641">
    <system-out><![CDATA[2024-10-23T13:31:59.087156Z main ERROR Log4j2 could not find a logging implementation. Please add log4j-core to the classpath. Using SimpleLogger to log to the console...
SIEM Server
11
Sl. No.
Storage
]]></system-out>
  </testcase>
  <testcase name="CreateNew[Mysuru, India, AT_Testing, Storage_Linux_Sep17 - 780GB, Rocky Linux 9 SIEM, 200, horizontal, custom, VCPUS 8 cores, RAM 8 GiB , Disk 50 Gib , 40, 60, 8, 10, 40, yes, yes, 2, yes, Daily, 3 days, no, SIEM_TEST_server4 - 10.150.44.190, 10.150.44.0 - null, no, lead2=admin,lead3=user,Pradeep=user, 1, test10](1)" classname="FinalCalls.ResourceCreationFinalCall" time="14.363">
    <failure message="Given VM Name test10 is Already Taken" type="java.lang.Error"><![CDATA[java.lang.Error: Given VM Name test10 is Already Taken
	at resourceManagementPageObjects.CreateNewPageObjects.GiveVMName(CreateNewPageObjects.java:616)
	at resourceManagement.CreateNewPage.CreateNewPageActions(CreateNewPage.java:38)
	at FinalCalls.ResourceCreationFinalCall.CreateNew(ResourceCreationFinalCall.java:57)
	at java.base/jdk.internal.reflect.NativeMethodAccessorImpl.invoke0(Native Method)
	at java.base/jdk.internal.reflect.NativeMethodAccessorImpl.invoke(NativeMethodAccessorImpl.java:77)
	at java.base/jdk.internal.reflect.DelegatingMethodAccessorImpl.invoke(DelegatingMethodAccessorImpl.java:43)
	at java.base/java.lang.reflect.Method.invoke(Method.java:569)
	at org.testng.internal.invokers.MethodInvocationHelper.invokeMethod(MethodInvocationHelper.java:141)
	at org.testng.internal.invokers.TestInvoker.invokeMethod(TestInvoker.java:686)
	at org.testng.internal.invokers.TestInvoker.invokeTestMethod(TestInvoker.java:230)
	at org.testng.internal.invokers.MethodRunner.runInSequence(MethodRunner.java:63)
	at org.testng.internal.invokers.TestInvoker$MethodInvocationAgent.invoke(TestInvoker.java:992)
	at org.testng.internal.invokers.TestInvoker.invokeTestMethods(TestInvoker.java:203)
	at org.testng.internal.invokers.TestMethodWorker.invokeTestMethods(TestMethodWorker.java:154)
	at org.testng.internal.invokers.TestMethodWorker.run(TestMethodWorker.java:134)
	at java.base/java.util.ArrayList.forEach(ArrayList.java:1511)
	at org.testng.TestRunner.privateRun(TestRunner.java:739)
	at org.testng.TestRunner.run(TestRunner.java:614)
	at org.testng.SuiteRunner.runTest(SuiteRunner.java:421)
	at org.testng.SuiteRunner.runSequentially(SuiteRunner.java:413)
	at org.testng.SuiteRunner.privateRun(SuiteRunner.java:373)
	at org.testng.SuiteRunner.run(SuiteRunner.java:312)
	at org.testng.SuiteRunnerWorker.runSuite(SuiteRunnerWorker.java:52)
	at org.testng.SuiteRunnerWorker.run(SuiteRunnerWorker.java:95)
	at org.testng.TestNG.runSuitesSequentially(TestNG.java:1274)
	at org.testng.TestNG.runSuitesLocally(TestNG.java:1208)
	at org.testng.TestNG.runSuites(TestNG.java:1112)
	at org.testng.TestNG.run(TestNG.java:1079)
	at org.apache.maven.surefire.testng.TestNGExecutor.run(TestNGExecutor.java:308)
	at org.apache.maven.surefire.testng.TestNGXmlTestSuite.execute(TestNGXmlTestSuite.java:71)
	at org.apache.maven.surefire.testng.TestNGProvider.invoke(TestNGProvider.java:113)
	at org.apache.maven.surefire.booter.ForkedBooter.runSuitesInProcess(ForkedBooter.java:385)
	at org.apache.maven.surefire.booter.ForkedBooter.execute(ForkedBooter.java:162)
	at org.apache.maven.surefire.booter.ForkedBooter.run(ForkedBooter.java:507)
	at org.apache.maven.surefire.booter.ForkedBooter.main(ForkedBooter.java:495)
]]></failure>
    <system-out><![CDATA[2 GB 10 GB
4 GB 10 GB
6 GB 10 GB
8 GB 10 GB
10 GB 10 GB
Already Taken
]]></system-out>
  </testcase>
</testsuite>